<?xml version="1.0" encoding="UTF-8"?>
<testsuite xmlns:xsi="http://www.w3.org/2001/XMLSchema-instance" xsi:noNamespaceSchemaLocation="https://maven.apache.org/surefire/maven-surefire-plugin/xsd/surefire-test-report.xsd" name="com.grepservermp.app.AppTest" time="0.015" tests="1" errors="0" skipped="0" failures="0">
  <properties>
    <property name="java.specification.version" value="17"/>
    <property name="sun.jnu.encoding" value="UTF-8"/>
    <property name="java.class.path" value="/Users/sanjitkumar/personal_projects/CollegeIllinois/DistributedSystems/grepDistributedServer/grepservermp/target/test-classes:/Users/sanjitkumar/personal_projects/CollegeIllinois/DistributedSystems/grepDistributedServer/grepservermp/target/classes:/Users/sanjitkumar/.m2/repository/junit/junit/4.11/junit-4.11.jar:/Users/sanjitkumar/.m2/repository/org/hamcrest/hamcrest-core/1.3/hamcrest-core-1.3.jar:/Users/sanjitkumar/.m2/repository/org/unix4j/unix4j-command/0.6/unix4j-command-0.6.jar:/Users/sanjitkumar/.m2/repository/org/unix4j/unix4j-base/0.6/unix4j-base-0.6.jar:/Users/sanjitkumar/.m2/repository/org/slf4j/slf4j-api/1.7.30/slf4j-api-1.7.30.jar:"/>
    <property name="java.vm.vendor" value="Oracle Corporation"/>
    <property name="sun.arch.data.model" value="64"/>
    <property name="java.vendor.url" value="https://java.oracle.com/"/>
    <property name="os.name" value="Mac OS X"/>
    <property name="java.vm.specification.version" value="17"/>
    <property name="sun.java.launcher" value="SUN_STANDARD"/>
    <property name="user.country" value="US"/>
    <property name="sun.boot.library.path" value="/Library/Java/JavaVirtualMachines/jdk-17.0.4.1.jdk/Contents/Home/lib"/>
    <property name="sun.java.command" value="/Users/sanjitkumar/personal_projects/CollegeIllinois/DistributedSystems/grepDistributedServer/grepservermp/target/surefire/surefirebooter4413079278207791613.jar /Users/sanjitkumar/personal_projects/CollegeIllinois/DistributedSystems/grepDistributedServer/grepservermp/target/surefire 2022-09-07T17-45-38_539-jvmRun1 surefire16553776145649785699tmp surefire_016964461356267478551tmp"/>
    <property name="http.nonProxyHosts" value="local|*.local|169.254/16|*.169.254/16"/>
    <property name="jdk.debug" value="release"/>
    <property name="surefire.test.class.path" value="/Users/sanjitkumar/personal_projects/CollegeIllinois/DistributedSystems/grepDistributedServer/grepservermp/target/test-classes:/Users/sanjitkumar/personal_projects/CollegeIllinois/DistributedSystems/grepDistributedServer/grepservermp/target/classes:/Users/sanjitkumar/.m2/repository/junit/junit/4.11/junit-4.11.jar:/Users/sanjitkumar/.m2/repository/org/hamcrest/hamcrest-core/1.3/hamcrest-core-1.3.jar:/Users/sanjitkumar/.m2/repository/org/unix4j/unix4j-command/0.6/unix4j-command-0.6.jar:/Users/sanjitkumar/.m2/repository/org/unix4j/unix4j-base/0.6/unix4j-base-0.6.jar:/Users/sanjitkumar/.m2/repository/org/slf4j/slf4j-api/1.7.30/slf4j-api-1.7.30.jar:"/>
    <property name="sun.cpu.endian" value="little"/>
    <property name="user.home" value="/Users/sanjitkumar"/>
    <property name="user.language" value="en"/>
    <property name="java.specification.vendor" value="Oracle Corporation"/>
    <property name="java.version.date" value="2022-08-18"/>
    <property name="java.home" value="/Library/Java/JavaVirtualMachines/jdk-17.0.4.1.jdk/Contents/Home"/>
    <property name="file.separator" value="/"/>
    <property name="basedir" value="/Users/sanjitkumar/personal_projects/CollegeIllinois/DistributedSystems/grepDistributedServer/grepservermp"/>
    <property name="java.vm.compressedOopsMode" value="Zero based"/>
    <property name="line.separator" value="&#10;"/>
    <property name="java.specification.name" value="Java Platform API Specification"/>
    <property name="java.vm.specification.vendor" value="Oracle Corporation"/>
    <property name="surefire.real.class.path" value="/Users/sanjitkumar/personal_projects/CollegeIllinois/DistributedSystems/grepDistributedServer/grepservermp/target/surefire/surefirebooter4413079278207791613.jar"/>
    <property name="sun.management.compiler" value="HotSpot 64-Bit Tiered Compilers"/>
    <property name="ftp.nonProxyHosts" value="local|*.local|169.254/16|*.169.254/16"/>
    <property name="java.runtime.version" value="17.0.4.1+1-LTS-2"/>
    <property name="user.name" value="sanjitkumar"/>
    <property name="path.separator" value=":"/>
    <property name="os.version" value="12.4"/>
    <property name="java.runtime.name" value="Java(TM) SE Runtime Environment"/>
    <property name="file.encoding" value="UTF-8"/>
    <property name="java.vm.name" value="Java HotSpot(TM) 64-Bit Server VM"/>
    <property name="localRepository" value="/Users/sanjitkumar/.m2/repository"/>
    <property name="java.vendor.url.bug" value="https://bugreport.java.com/bugreport/"/>
    <property name="java.io.tmpdir" value="/var/folders/q_/q9vzn1hs6pqdw0s9wlgsgybw0000gn/T/"/>
    <property name="java.version" value="17.0.4.1"/>
    <property name="user.dir" value="/Users/sanjitkumar/personal_projects/CollegeIllinois/DistributedSystems/grepDistributedServer/grepservermp"/>
    <property name="os.arch" value="aarch64"/>
    <property name="java.vm.specification.name" value="Java Virtual Machine Specification"/>
    <property name="native.encoding" value="UTF-8"/>
    <property name="java.library.path" value="/Users/sanjitkumar/Library/Java/Extensions:/Library/Java/Extensions:/Network/Library/Java/Extensions:/System/Library/Java/Extensions:/usr/lib/java:."/>
    <property name="java.vm.info" value="mixed mode, sharing"/>
    <property name="java.vendor" value="Oracle Corporation"/>
    <property name="java.vm.version" value="17.0.4.1+1-LTS-2"/>
    <property name="sun.io.unicode.encoding" value="UnicodeBig"/>
    <property name="socksNonProxyHosts" value="local|*.local|169.254/16|*.169.254/16"/>
    <property name="java.class.version" value="61.0"/>
  </properties>
  <testcase name="shouldAnswerWithTrue" classname="com.grepservermp.app.AppTest" time="0.001"/>
</testsuite>